# JRE version: OpenJDK Runtime Environment (8.0_202-b03) (build 1.8.0_202-release-1483-b03)
# Java VM: OpenJDK 64-Bit Server VM (25.202-b03 mixed mode windows-amd64 compressed oops)
Heap:
 PSYoungGen      total 152576K, used 33200K [0x00000000e0000000, 0x00000000ea580000, 0x0000000100000000)
  eden space 140800K, 15% used [0x00000000e0000000,0x00000000e14eff58,0x00000000e8980000)
  from space 11776K, 99% used [0x00000000e9900000,0x00000000ea47c1b8,0x00000000ea480000)
  to   space 14336K, 0% used [0x00000000e8980000,0x00000000e8980000,0x00000000e9780000)
 ParOldGen       total 87552K, used 20188K [0x00000000a0000000, 0x00000000a5580000, 0x00000000e0000000)
  object space 87552K, 23% used [0x00000000a0000000,0x00000000a13b7198,0x00000000a5580000)
 Metaspace       used 47468K, capacity 48732K, committed 49024K, reserved 1091584K
  class space    used 6391K, capacity 6727K, committed 6784K, reserved 1048576K
GC Heap History (10 events):
Event: 3.723 GC heap before
{Heap before GC invocations=8 (full 1):
 PSYoungGen      total 76288K, used 66560K [0x00000000e0000000, 0x00000000e5500000, 0x0000000100000000)
  eden space 66560K, 100% used [0x00000000e0000000,0x00000000e4100000,0x00000000e4100000)
  from space 9728K, 0% used [0x00000000e4b80000,0x00000000e4b80000,0x00000000e5500000)
  to   space 10240K, 0% used [0x00000000e4100000,0x00000000e4100000,0x00000000e4b00000)
 ParOldGen       total 57344K, used 8273K [0x00000000a0000000, 0x00000000a3800000, 0x00000000e0000000)
  object space 57344K, 14% used [0x00000000a0000000,0x00000000a0814498,0x00000000a3800000)
 Metaspace       used 29035K, capacity 29544K, committed 29824K, reserved 1075200K
  class space    used 3925K, capacity 4098K, committed 4224K, reserved 1048576K
Event: 3.730 GC heap after
Heap after GC invocations=8 (full 1):
 PSYoungGen      total 76800K, used 8143K [0x00000000e0000000, 0x00000000e8080000, 0x0000000100000000)
  eden space 66560K, 0% used [0x00000000e0000000,0x00000000e0000000,0x00000000e4100000)
  from space 10240K, 79% used [0x00000000e4100000,0x00000000e48f3d20,0x00000000e4b00000)
  to   space 10752K, 0% used [0x00000000e7600000,0x00000000e7600000,0x00000000e8080000)
 ParOldGen       total 57344K, used 8281K [0x00000000a0000000, 0x00000000a3800000, 0x00000000e0000000)
  object space 57344K, 14% used [0x00000000a0000000,0x00000000a0816498,0x00000000a3800000)
 Metaspace       used 29035K, capacity 29544K, committed 29824K, reserved 1075200K
  class space    used 3925K, capacity 4098K, committed 4224K, reserved 1048576K
}
Event: 4.424 GC heap before
{Heap before GC invocations=9 (full 1):
 PSYoungGen      total 76800K, used 74703K [0x00000000e0000000, 0x00000000e8080000, 0x0000000100000000)
  eden space 66560K, 100% used [0x00000000e0000000,0x00000000e4100000,0x00000000e4100000)
  from space 10240K, 79% used [0x00000000e4100000,0x00000000e48f3d20,0x00000000e4b00000)
  to   space 10752K, 0% used [0x00000000e7600000,0x00000000e7600000,0x00000000e8080000)
 ParOldGen       total 57344K, used 8281K [0x00000000a0000000, 0x00000000a3800000, 0x00000000e0000000)
  object space 57344K, 14% used [0x00000000a0000000,0x00000000a0816498,0x00000000a3800000)
 Metaspace       used 32387K, capacity 32934K, committed 33152K, reserved 1077248K
  class space    used 4466K, capacity 4652K, committed 4736K, reserved 1048576K
Event: 4.431 GC heap after
Heap after GC invocations=9 (full 1):
 PSYoungGen      total 117760K, used 8716K [0x00000000e0000000, 0x00000000e7f80000, 0x0000000100000000)
  eden space 108032K, 0% used [0x00000000e0000000,0x00000000e0000000,0x00000000e6980000)
  from space 9728K, 89% used [0x00000000e7600000,0x00000000e7e83298,0x00000000e7f80000)
  to   space 11264K, 0% used [0x00000000e6980000,0x00000000e6980000,0x00000000e7480000)
 ParOldGen       total 57344K, used 8289K [0x00000000a0000000, 0x00000000a3800000, 0x00000000e0000000)
  object space 57344K, 14% used [0x00000000a0000000,0x00000000a0818498,0x00000000a3800000)
 Metaspace       used 32387K, capacity 32934K, committed 33152K, reserved 1077248K
  class space    used 4466K, capacity 4652K, committed 4736K, reserved 1048576K
}
Event: 7.605 GC heap before
{Heap before GC invocations=10 (full 1):
 PSYoungGen      total 117760K, used 56807K [0x00000000e0000000, 0x00000000e7f80000, 0x0000000100000000)
  eden space 108032K, 44% used [0x00000000e0000000,0x00000000e2ef6bb0,0x00000000e6980000)
  from space 9728K, 89% used [0x00000000e7600000,0x00000000e7e83298,0x00000000e7f80000)
  to   space 11264K, 0% used [0x00000000e6980000,0x00000000e6980000,0x00000000e7480000)
 ParOldGen       total 57344K, used 8289K [0x00000000a0000000, 0x00000000a3800000, 0x00000000e0000000)
  object space 57344K, 14% used [0x00000000a0000000,0x00000000a0818498,0x00000000a3800000)
 Metaspace       used 34704K, capacity 35396K, committed 35456K, reserved 1079296K
  class space    used 4778K, capacity 4991K, committed 4992K, reserved 1048576K
Event: 7.615 GC heap after
Heap after GC invocations=10 (full 1):
 PSYoungGen      total 119296K, used 10287K [0x00000000e0000000, 0x00000000ea480000, 0x0000000100000000)
  eden space 108032K, 0% used [0x00000000e0000000,0x00000000e0000000,0x00000000e6980000)
  from space 11264K, 91% used [0x00000000e6980000,0x00000000e738bf70,0x00000000e7480000)
  to   space 11776K, 0% used [0x00000000e9900000,0x00000000e9900000,0x00000000ea480000)
 ParOldGen       total 57344K, used 8297K [0x00000000a0000000, 0x00000000a3800000, 0x00000000e0000000)
  object space 57344K, 14% used [0x00000000a0000000,0x00000000a081a498,0x00000000a3800000)
 Metaspace       used 34704K, capacity 35396K, committed 35456K, reserved 1079296K
  class space    used 4778K, capacity 4991K, committed 4992K, reserved 1048576K
}
Event: 7.615 GC heap before
{Heap before GC invocations=11 (full 2):
 PSYoungGen      total 119296K, used 10287K [0x00000000e0000000, 0x00000000ea480000, 0x0000000100000000)
  eden space 108032K, 0% used [0x00000000e0000000,0x00000000e0000000,0x00000000e6980000)
  from space 11264K, 91% used [0x00000000e6980000,0x00000000e738bf70,0x00000000e7480000)
  to   space 11776K, 0% used [0x00000000e9900000,0x00000000e9900000,0x00000000ea480000)
 ParOldGen       total 57344K, used 8297K [0x00000000a0000000, 0x00000000a3800000, 0x00000000e0000000)
  object space 57344K, 14% used [0x00000000a0000000,0x00000000a081a498,0x00000000a3800000)
 Metaspace       used 34704K, capacity 35396K, committed 35456K, reserved 1079296K
  class space    used 4778K, capacity 4991K, committed 4992K, reserved 1048576K
Event: 7.681 GC heap after
Heap after GC invocations=11 (full 2):
 PSYoungGen      total 119296K, used 0K [0x00000000e0000000, 0x00000000ea480000, 0x0000000100000000)
  eden space 108032K, 0% used [0x00000000e0000000,0x00000000e0000000,0x00000000e6980000)
  from space 11264K, 0% used [0x00000000e6980000,0x00000000e6980000,0x00000000e7480000)
  to   space 11776K, 0% used [0x00000000e9900000,0x00000000e9900000,0x00000000ea480000)
 ParOldGen       total 87552K, used 17216K [0x00000000a0000000, 0x00000000a5580000, 0x00000000e0000000)
  object space 87552K, 19% used [0x00000000a0000000,0x00000000a10d0218,0x00000000a5580000)
 Metaspace       used 34702K, capacity 35390K, committed 35456K, reserved 1079296K
  class space    used 4778K, capacity 4990K, committed 4992K, reserved 1048576K
}
Event: 9.022 GC heap before
{Heap before GC invocations=12 (full 2):
 PSYoungGen      total 119296K, used 108032K [0x00000000e0000000, 0x00000000ea480000, 0x0000000100000000)
  eden space 108032K, 100% used [0x00000000e0000000,0x00000000e6980000,0x00000000e6980000)
  from space 11264K, 0% used [0x00000000e6980000,0x00000000e6980000,0x00000000e7480000)
  to   space 11776K, 0% used [0x00000000e9900000,0x00000000e9900000,0x00000000ea480000)
 ParOldGen       total 87552K, used 17216K [0x00000000a0000000, 0x00000000a5580000, 0x00000000e0000000)
  object space 87552K, 19% used [0x00000000a0000000,0x00000000a10d0218,0x00000000a5580000)
 Metaspace       used 45368K, capacity 46398K, committed 46720K, reserved 1089536K
  class space    used 6112K, capacity 6414K, committed 6528K, reserved 1048576K
Event: 9.035 GC heap after
Heap after GC invocations=12 (full 2):
 PSYoungGen      total 152576K, used 11760K [0x00000000e0000000, 0x00000000ea580000, 0x0000000100000000)
  eden space 140800K, 0% used [0x00000000e0000000,0x00000000e0000000,0x00000000e8980000)
  from space 11776K, 99% used [0x00000000e9900000,0x00000000ea47c1b8,0x00000000ea480000)
  to   space 14336K, 0% used [0x00000000e8980000,0x00000000e8980000,0x00000000e9780000)
 ParOldGen       total 87552K, used 20188K [0x00000000a0000000, 0x00000000a5580000, 0x00000000e0000000)
  object space 87552K, 23% used [0x00000000a0000000,0x00000000a13b7198,0x00000000a5580000)
 Metaspace       used 45368K, capacity 46398K, committed 46720K, reserved 1089536K
  class space    used 6112K, capacity 6414K, committed 6528K, reserved 1048576K
}

