# JRE version: OpenJDK Runtime Environment (8.0_202-b03) (build 1.8.0_202-release-1483-b03)
# Java VM: OpenJDK 64-Bit Server VM (25.202-b03 mixed mode windows-amd64 compressed oops)
Heap:
 PSYoungGen      total 212480K, used 60025K [0x00000000e0000000, 0x00000000f1580000, 0x0000000100000000)
  eden space 193024K, 22% used [0x00000000e0000000,0x00000000e2a396a0,0x00000000ebc80000)
  from space 19456K, 86% used [0x00000000ebc80000,0x00000000ecce4d98,0x00000000ecf80000)
  to   space 20992K, 0% used [0x00000000f0100000,0x00000000f0100000,0x00000000f1580000)
 ParOldGen       total 119808K, used 29935K [0x00000000a0000000, 0x00000000a7500000, 0x00000000e0000000)
  object space 119808K, 24% used [0x00000000a0000000,0x00000000a1d3bf30,0x00000000a7500000)
 Metaspace       used 68997K, capacity 71172K, committed 71256K, reserved 1112064K
  class space    used 9028K, capacity 9545K, committed 9600K, reserved 1048576K
GC Heap History (10 events):
Event: 8.664 GC heap before
{Heap before GC invocations=12 (full 2):
 PSYoungGen      total 119808K, used 109056K [0x00000000e0000000, 0x00000000ea780000, 0x0000000100000000)
  eden space 109056K, 100% used [0x00000000e0000000,0x00000000e6a80000,0x00000000e6a80000)
  from space 10752K, 0% used [0x00000000e6a80000,0x00000000e6a80000,0x00000000e7500000)
  to   space 11776K, 0% used [0x00000000e9c00000,0x00000000e9c00000,0x00000000ea780000)
 ParOldGen       total 83456K, used 17120K [0x00000000a0000000, 0x00000000a5180000, 0x00000000e0000000)
  object space 83456K, 20% used [0x00000000a0000000,0x00000000a10b8030,0x00000000a5180000)
 Metaspace       used 44953K, capacity 45940K, committed 46296K, reserved 1089536K
  class space    used 6058K, capacity 6325K, committed 6400K, reserved 1048576K
Event: 8.676 GC heap after
Heap after GC invocations=12 (full 2):
 PSYoungGen      total 157184K, used 11774K [0x00000000e0000000, 0x00000000eab00000, 0x0000000100000000)
  eden space 145408K, 0% used [0x00000000e0000000,0x00000000e0000000,0x00000000e8e00000)
  from space 11776K, 99% used [0x00000000e9c00000,0x00000000ea77f890,0x00000000ea780000)
  to   space 14336K, 0% used [0x00000000e8e00000,0x00000000e8e00000,0x00000000e9c00000)
 ParOldGen       total 83456K, used 19971K [0x00000000a0000000, 0x00000000a5180000, 0x00000000e0000000)
  object space 83456K, 23% used [0x00000000a0000000,0x00000000a1380ec0,0x00000000a5180000)
 Metaspace       used 44953K, capacity 45940K, committed 46296K, reserved 1089536K
  class space    used 6058K, capacity 6325K, committed 6400K, reserved 1048576K
}
Event: 10.820 GC heap before
{Heap before GC invocations=13 (full 2):
 PSYoungGen      total 157184K, used 157182K [0x00000000e0000000, 0x00000000eab00000, 0x0000000100000000)
  eden space 145408K, 100% used [0x00000000e0000000,0x00000000e8e00000,0x00000000e8e00000)
  from space 11776K, 99% used [0x00000000e9c00000,0x00000000ea77f890,0x00000000ea780000)
  to   space 14336K, 0% used [0x00000000e8e00000,0x00000000e8e00000,0x00000000e9c00000)
 ParOldGen       total 83456K, used 19971K [0x00000000a0000000, 0x00000000a5180000, 0x00000000e0000000)
  object space 83456K, 23% used [0x00000000a0000000,0x00000000a1380ec0,0x00000000a5180000)
 Metaspace       used 56798K, capacity 58488K, committed 58584K, reserved 1099776K
  class space    used 7742K, capacity 8139K, committed 8192K, reserved 1048576K
Event: 10.840 GC heap after
Heap after GC invocations=13 (full 2):
 PSYoungGen      total 159744K, used 14331K [0x00000000e0000000, 0x00000000ee200000, 0x0000000100000000)
  eden space 145408K, 0% used [0x00000000e0000000,0x00000000e0000000,0x00000000e8e00000)
  from space 14336K, 99% used [0x00000000e8e00000,0x00000000e9bfefa0,0x00000000e9c00000)
  to   space 18944K, 0% used [0x00000000ecf80000,0x00000000ecf80000,0x00000000ee200000)
 ParOldGen       total 83456K, used 28221K [0x00000000a0000000, 0x00000000a5180000, 0x00000000e0000000)
  object space 83456K, 33% used [0x00000000a0000000,0x00000000a1b8f798,0x00000000a5180000)
 Metaspace       used 56798K, capacity 58488K, committed 58584K, reserved 1099776K
  class space    used 7742K, capacity 8139K, committed 8192K, reserved 1048576K
}
Event: 11.062 GC heap before
{Heap before GC invocations=14 (full 2):
 PSYoungGen      total 159744K, used 34978K [0x00000000e0000000, 0x00000000ee200000, 0x0000000100000000)
  eden space 145408K, 14% used [0x00000000e0000000,0x00000000e1429878,0x00000000e8e00000)
  from space 14336K, 99% used [0x00000000e8e00000,0x00000000e9bfefa0,0x00000000e9c00000)
  to   space 18944K, 0% used [0x00000000ecf80000,0x00000000ecf80000,0x00000000ee200000)
 ParOldGen       total 83456K, used 28221K [0x00000000a0000000, 0x00000000a5180000, 0x00000000e0000000)
  object space 83456K, 33% used [0x00000000a0000000,0x00000000a1b8f798,0x00000000a5180000)
 Metaspace       used 57248K, capacity 58918K, committed 59028K, reserved 1099776K
  class space    used 7786K, capacity 8186K, committed 8192K, reserved 1048576K
Event: 11.073 GC heap after
Heap after GC invocations=14 (full 2):
 PSYoungGen      total 211968K, used 1724K [0x00000000e0000000, 0x00000000eed00000, 0x0000000100000000)
  eden space 193024K, 0% used [0x00000000e0000000,0x00000000e0000000,0x00000000ebc80000)
  from space 18944K, 9% used [0x00000000ecf80000,0x00000000ed12f3e0,0x00000000ee200000)
  to   space 19456K, 0% used [0x00000000ebc80000,0x00000000ebc80000,0x00000000ecf80000)
 ParOldGen       total 83456K, used 34660K [0x00000000a0000000, 0x00000000a5180000, 0x00000000e0000000)
  object space 83456K, 41% used [0x00000000a0000000,0x00000000a21d9140,0x00000000a5180000)
 Metaspace       used 57248K, capacity 58918K, committed 59028K, reserved 1099776K
  class space    used 7786K, capacity 8186K, committed 8192K, reserved 1048576K
}
Event: 11.073 GC heap before
{Heap before GC invocations=15 (full 3):
 PSYoungGen      total 211968K, used 1724K [0x00000000e0000000, 0x00000000eed00000, 0x0000000100000000)
  eden space 193024K, 0% used [0x00000000e0000000,0x00000000e0000000,0x00000000ebc80000)
  from space 18944K, 9% used [0x00000000ecf80000,0x00000000ed12f3e0,0x00000000ee200000)
  to   space 19456K, 0% used [0x00000000ebc80000,0x00000000ebc80000,0x00000000ecf80000)
 ParOldGen       total 83456K, used 34660K [0x00000000a0000000, 0x00000000a5180000, 0x00000000e0000000)
  object space 83456K, 41% used [0x00000000a0000000,0x00000000a21d9140,0x00000000a5180000)
 Metaspace       used 57248K, capacity 58918K, committed 59028K, reserved 1099776K
  class space    used 7786K, capacity 8186K, committed 8192K, reserved 1048576K
Event: 11.252 GC heap after
Heap after GC invocations=15 (full 3):
 PSYoungGen      total 211968K, used 0K [0x00000000e0000000, 0x00000000eed00000, 0x0000000100000000)
  eden space 193024K, 0% used [0x00000000e0000000,0x00000000e0000000,0x00000000ebc80000)
  from space 18944K, 0% used [0x00000000ecf80000,0x00000000ecf80000,0x00000000ee200000)
  to   space 19456K, 0% used [0x00000000ebc80000,0x00000000ebc80000,0x00000000ecf80000)
 ParOldGen       total 119808K, used 29927K [0x00000000a0000000, 0x00000000a7500000, 0x00000000e0000000)
  object space 119808K, 24% used [0x00000000a0000000,0x00000000a1d39f30,0x00000000a7500000)
 Metaspace       used 57165K, capacity 58678K, committed 59028K, reserved 1099776K
  class space    used 7760K, capacity 8140K, committed 8192K, reserved 1048576K
}
Event: 719.591 GC heap before
{Heap before GC invocations=16 (full 3):
 PSYoungGen      total 211968K, used 193024K [0x00000000e0000000, 0x00000000eed00000, 0x0000000100000000)
  eden space 193024K, 100% used [0x00000000e0000000,0x00000000ebc80000,0x00000000ebc80000)
  from space 18944K, 0% used [0x00000000ecf80000,0x00000000ecf80000,0x00000000ee200000)
  to   space 19456K, 0% used [0x00000000ebc80000,0x00000000ebc80000,0x00000000ecf80000)
 ParOldGen       total 119808K, used 29927K [0x00000000a0000000, 0x00000000a7500000, 0x00000000e0000000)
  object space 119808K, 24% used [0x00000000a0000000,0x00000000a1d39f30,0x00000000a7500000)
 Metaspace       used 66148K, capacity 68186K, committed 68312K, reserved 1107968K
  class space    used 8688K, capacity 9200K, committed 9216K, reserved 1048576K
Event: 719.613 GC heap after
Heap after GC invocations=16 (full 3):
 PSYoungGen      total 212480K, used 16787K [0x00000000e0000000, 0x00000000f1580000, 0x0000000100000000)
  eden space 193024K, 0% used [0x00000000e0000000,0x00000000e0000000,0x00000000ebc80000)
  from space 19456K, 86% used [0x00000000ebc80000,0x00000000ecce4d98,0x00000000ecf80000)
  to   space 20992K, 0% used [0x00000000f0100000,0x00000000f0100000,0x00000000f1580000)
 ParOldGen       total 119808K, used 29935K [0x00000000a0000000, 0x00000000a7500000, 0x00000000e0000000)
  object space 119808K, 24% used [0x00000000a0000000,0x00000000a1d3bf30,0x00000000a7500000)
 Metaspace       used 66148K, capacity 68186K, committed 68312K, reserved 1107968K
  class space    used 8688K, capacity 9200K, committed 9216K, reserved 1048576K
}

