# JRE version: OpenJDK Runtime Environment (8.0_202-b03) (build 1.8.0_202-release-1483-b03)
# Java VM: OpenJDK 64-Bit Server VM (25.202-b03 mixed mode windows-amd64 compressed oops)
Heap:
 PSYoungGen      total 260096K, used 69098K [0x00000000e0000000, 0x00000000f4900000, 0x0000000100000000)
  eden space 237568K, 22% used [0x00000000e0000000,0x00000000e341ed20,0x00000000ee800000)
  from space 22528K, 69% used [0x00000000ee800000,0x00000000ef75bb38,0x00000000efe00000)
  to   space 24576K, 0% used [0x00000000f3100000,0x00000000f3100000,0x00000000f4900000)
 ParOldGen       total 131072K, used 55767K [0x00000000a0000000, 0x00000000a8000000, 0x00000000e0000000)
  object space 131072K, 42% used [0x00000000a0000000,0x00000000a3675c48,0x00000000a8000000)
 Metaspace       used 78236K, capacity 81362K, committed 81624K, reserved 1120256K
  class space    used 10296K, capacity 10882K, committed 11008K, reserved 1048576K
GC Heap History (10 events):
Event: 28.572 GC heap before
{Heap before GC invocations=22 (full 3):
 PSYoungGen      total 260096K, used 250188K [0x00000000e0000000, 0x00000000f1800000, 0x0000000100000000)
  eden space 237568K, 100% used [0x00000000e0000000,0x00000000ee800000,0x00000000ee800000)
  from space 22528K, 56% used [0x00000000efe00000,0x00000000f0a53200,0x00000000f1400000)
  to   space 22528K, 0% used [0x00000000ee800000,0x00000000ee800000,0x00000000efe00000)
 ParOldGen       total 131072K, used 53016K [0x00000000a0000000, 0x00000000a8000000, 0x00000000e0000000)
  object space 131072K, 40% used [0x00000000a0000000,0x00000000a33c6218,0x00000000a8000000)
 Metaspace       used 77796K, capacity 80870K, committed 80984K, reserved 1120256K
  class space    used 10249K, capacity 10850K, committed 10880K, reserved 1048576K
Event: 28.588 GC heap after
Heap after GC invocations=22 (full 3):
 PSYoungGen      total 260096K, used 15523K [0x00000000e0000000, 0x00000000f1800000, 0x0000000100000000)
  eden space 237568K, 0% used [0x00000000e0000000,0x00000000e0000000,0x00000000ee800000)
  from space 22528K, 68% used [0x00000000ee800000,0x00000000ef728f40,0x00000000efe00000)
  to   space 22528K, 0% used [0x00000000efe00000,0x00000000efe00000,0x00000000f1400000)
 ParOldGen       total 131072K, used 53016K [0x00000000a0000000, 0x00000000a8000000, 0x00000000e0000000)
  object space 131072K, 40% used [0x00000000a0000000,0x00000000a33c6218,0x00000000a8000000)
 Metaspace       used 77796K, capacity 80870K, committed 80984K, reserved 1120256K
  class space    used 10249K, capacity 10850K, committed 10880K, reserved 1048576K
}
Event: 29.140 GC heap before
{Heap before GC invocations=23 (full 3):
 PSYoungGen      total 260096K, used 253091K [0x00000000e0000000, 0x00000000f1800000, 0x0000000100000000)
  eden space 237568K, 100% used [0x00000000e0000000,0x00000000ee800000,0x00000000ee800000)
  from space 22528K, 68% used [0x00000000ee800000,0x00000000ef728f40,0x00000000efe00000)
  to   space 22528K, 0% used [0x00000000efe00000,0x00000000efe00000,0x00000000f1400000)
 ParOldGen       total 131072K, used 53016K [0x00000000a0000000, 0x00000000a8000000, 0x00000000e0000000)
  object space 131072K, 40% used [0x00000000a0000000,0x00000000a33c6218,0x00000000a8000000)
 Metaspace       used 77815K, capacity 80886K, committed 80984K, reserved 1120256K
  class space    used 10250K, capacity 10852K, committed 10880K, reserved 1048576K
Event: 29.160 GC heap after
Heap after GC invocations=23 (full 3):
 PSYoungGen      total 260096K, used 15300K [0x00000000e0000000, 0x00000000f1800000, 0x0000000100000000)
  eden space 237568K, 0% used [0x00000000e0000000,0x00000000e0000000,0x00000000ee800000)
  from space 22528K, 67% used [0x00000000efe00000,0x00000000f0cf1078,0x00000000f1400000)
  to   space 22528K, 0% used [0x00000000ee800000,0x00000000ee800000,0x00000000efe00000)
 ParOldGen       total 131072K, used 53016K [0x00000000a0000000, 0x00000000a8000000, 0x00000000e0000000)
  object space 131072K, 40% used [0x00000000a0000000,0x00000000a33c6218,0x00000000a8000000)
 Metaspace       used 77815K, capacity 80886K, committed 80984K, reserved 1120256K
  class space    used 10250K, capacity 10852K, committed 10880K, reserved 1048576K
}
Event: 29.584 GC heap before
{Heap before GC invocations=24 (full 3):
 PSYoungGen      total 260096K, used 252868K [0x00000000e0000000, 0x00000000f1800000, 0x0000000100000000)
  eden space 237568K, 100% used [0x00000000e0000000,0x00000000ee800000,0x00000000ee800000)
  from space 22528K, 67% used [0x00000000efe00000,0x00000000f0cf1078,0x00000000f1400000)
  to   space 22528K, 0% used [0x00000000ee800000,0x00000000ee800000,0x00000000efe00000)
 ParOldGen       total 131072K, used 53016K [0x00000000a0000000, 0x00000000a8000000, 0x00000000e0000000)
  object space 131072K, 40% used [0x00000000a0000000,0x00000000a33c6218,0x00000000a8000000)
 Metaspace       used 77873K, capacity 80954K, committed 80984K, reserved 1120256K
  class space    used 10250K, capacity 10852K, committed 10880K, reserved 1048576K
Event: 29.597 GC heap after
Heap after GC invocations=24 (full 3):
 PSYoungGen      total 260096K, used 14346K [0x00000000e0000000, 0x00000000f1800000, 0x0000000100000000)
  eden space 237568K, 0% used [0x00000000e0000000,0x00000000e0000000,0x00000000ee800000)
  from space 22528K, 63% used [0x00000000ee800000,0x00000000ef602880,0x00000000efe00000)
  to   space 22528K, 0% used [0x00000000efe00000,0x00000000efe00000,0x00000000f1400000)
 ParOldGen       total 131072K, used 54175K [0x00000000a0000000, 0x00000000a8000000, 0x00000000e0000000)
  object space 131072K, 41% used [0x00000000a0000000,0x00000000a34e7c08,0x00000000a8000000)
 Metaspace       used 77873K, capacity 80954K, committed 80984K, reserved 1120256K
  class space    used 10250K, capacity 10852K, committed 10880K, reserved 1048576K
}
Event: 30.222 GC heap before
{Heap before GC invocations=25 (full 3):
 PSYoungGen      total 260096K, used 251914K [0x00000000e0000000, 0x00000000f1800000, 0x0000000100000000)
  eden space 237568K, 100% used [0x00000000e0000000,0x00000000ee800000,0x00000000ee800000)
  from space 22528K, 63% used [0x00000000ee800000,0x00000000ef602880,0x00000000efe00000)
  to   space 22528K, 0% used [0x00000000efe00000,0x00000000efe00000,0x00000000f1400000)
 ParOldGen       total 131072K, used 54175K [0x00000000a0000000, 0x00000000a8000000, 0x00000000e0000000)
  object space 131072K, 41% used [0x00000000a0000000,0x00000000a34e7c08,0x00000000a8000000)
 Metaspace       used 77958K, capacity 81104K, committed 81240K, reserved 1120256K
  class space    used 10258K, capacity 10857K, committed 10880K, reserved 1048576K
Event: 30.244 GC heap after
Heap after GC invocations=25 (full 3):
 PSYoungGen      total 260096K, used 16045K [0x00000000e0000000, 0x00000000f1800000, 0x0000000100000000)
  eden space 237568K, 0% used [0x00000000e0000000,0x00000000e0000000,0x00000000ee800000)
  from space 22528K, 71% used [0x00000000efe00000,0x00000000f0dab510,0x00000000f1400000)
  to   space 22528K, 0% used [0x00000000ee800000,0x00000000ee800000,0x00000000efe00000)
 ParOldGen       total 131072K, used 55607K [0x00000000a0000000, 0x00000000a8000000, 0x00000000e0000000)
  object space 131072K, 42% used [0x00000000a0000000,0x00000000a364dc48,0x00000000a8000000)
 Metaspace       used 77958K, capacity 81104K, committed 81240K, reserved 1120256K
  class space    used 10258K, capacity 10857K, committed 10880K, reserved 1048576K
}
Event: 30.817 GC heap before
{Heap before GC invocations=26 (full 3):
 PSYoungGen      total 260096K, used 253613K [0x00000000e0000000, 0x00000000f1800000, 0x0000000100000000)
  eden space 237568K, 100% used [0x00000000e0000000,0x00000000ee800000,0x00000000ee800000)
  from space 22528K, 71% used [0x00000000efe00000,0x00000000f0dab510,0x00000000f1400000)
  to   space 22528K, 0% used [0x00000000ee800000,0x00000000ee800000,0x00000000efe00000)
 ParOldGen       total 131072K, used 55607K [0x00000000a0000000, 0x00000000a8000000, 0x00000000e0000000)
  object space 131072K, 42% used [0x00000000a0000000,0x00000000a364dc48,0x00000000a8000000)
 Metaspace       used 78209K, capacity 81362K, committed 81624K, reserved 1120256K
  class space    used 10294K, capacity 10882K, committed 11008K, reserved 1048576K
Event: 30.833 GC heap after
Heap after GC invocations=26 (full 3):
 PSYoungGen      total 260096K, used 15726K [0x00000000e0000000, 0x00000000f4900000, 0x0000000100000000)
  eden space 237568K, 0% used [0x00000000e0000000,0x00000000e0000000,0x00000000ee800000)
  from space 22528K, 69% used [0x00000000ee800000,0x00000000ef75bb38,0x00000000efe00000)
  to   space 24576K, 0% used [0x00000000f3100000,0x00000000f3100000,0x00000000f4900000)
 ParOldGen       total 131072K, used 55767K [0x00000000a0000000, 0x00000000a8000000, 0x00000000e0000000)
  object space 131072K, 42% used [0x00000000a0000000,0x00000000a3675c48,0x00000000a8000000)
 Metaspace       used 78209K, capacity 81362K, committed 81624K, reserved 1120256K
  class space    used 10294K, capacity 10882K, committed 11008K, reserved 1048576K
}

